lala
lala2
Loaded doc: ED Bonanza by jarettrsdunn@gmail.com
sheet 1: Arb 803x30
lala
lala3
lala4
0x86fa049857e0209aa7d9e616f7eb3b3b78ecfdb0 0.09666668002499468
0x86fa049857e0209aa7d9e616f7eb3b3b78ecfdb0 0.08699999999999997
0x818fc6c2ec5986bc6e2cbf00939d90556ab12ce5 0.09062499999999996
0xe3818504c1b32bf1557b16c238b2e01fd3149c17 0.5394562640475384
0xb561fef0d624c0826ff869946f6076b7c4f2ba42 0.6206896551724137
0xc42209accc14029c1012fb5680d95fbd6036e2a0 0.11113580301784487
0x84119cb33e8f590d75c2d6ea4e6b0741a7494eda 0.10909757575757584
0xf230b790e05390fc8295f4d3f60332c93bed42e2 1.2045757688032603
0xf230b790e05390fc8295f4d3f60332c93bed42e2 0.004819277108433884
0xce53a179047ebed80261689367c093c90a94cc08 0.3309352517985611
0xb6ed7644c69416d67b522e20bc294a9a9b405b31 0.8518518518518519
0xe469c4473af82217b30cf17b10bcdb6c8c796e75 1.1346153846153846
0x275b69aa7c8c1d648a0557656bce1c286e69a29d 15.51006711409396
0xc98e0639c6d2ec037a615341c369666b110e80e5 0.3037679226408805
0xe41d2489571d322189246dafa5ebde1f4699f498 0.004761904761904745
0xe41d2489571d322189246dafa5ebde1f4699f498 0.004761904761904745
0xfec0cf7fe078a500abf15f1284958f22049c2c7e 0.0030864197530864335
0xb97048628db6b661d4c2aa833e95dbe1a905b280 0.09502876112313041
0xb8c77482e45f1f44de1745f52c74426c631bdd52 0.0030758064516129835
0xfe7b915a0baa0e79f85c5553266513f7c1c03ed0 0.2637362637362637
0xd0929d411954c47438dc1d871dd6081f5c5e149c 0.13924050632911378
0x0835ecd15ddf08d4786304d71b4672dc5c40f011 0.12372147303370773
lala2
compare 165000
lala2
0xe41d2489571d322189246dafa5ebde1f4699f498
lala2
lala3
lala3
lala3
0x275b69aa7c8c1d648a0557656bce1c286e69a29d
lala2
lala3
0xb8c77482e45f1f44de1745f52c74426c631bdd52
lala2
0xb561fef0d624c0826ff869946f6076b7c4f2ba42
lala2
lala3
lala3
0x275b69aa7c8c1d648a0557656bce1c286e69a29d
lala3
lala2
0x84119cb33e8f590d75c2d6ea4e6b0741a7494eda
lala2
lala3
0x84119cb33e8f590d75c2d6ea4e6b0741a7494eda
lala2
lala3
0xb561fef0d624c0826ff869946f6076b7c4f2ba42
lala2
lala3
0xe469c4473af82217b30cf17b10bcdb6c8c796e75
lala2
lala3
0xb6ed7644c69416d67b522e20bc294a9a9b405b31
lala2
lala3
0xe41d2489571d322189246dafa5ebde1f4699f498
lala2
lala3
0x86fa049857e0209aa7d9e616f7eb3b3b78ecfdb0
lala2
lala3
0xb6ed7644c69416d67b522e20bc294a9a9b405b31
lala2
lala3
0x86fa049857e0209aa7d9e616f7eb3b3b78ecfdb0
lala2
lala3
0xce53a179047ebed80261689367c093c90a94cc08
0xf230b790e05390fc8295f4d3f60332c93bed42e2
lala2
lala2
lala3
0xb8c77482e45f1f44de1745f52c74426c631bdd52
lala2
lala3
lala3
0xc98e0639c6d2ec037a615341c369666b110e80e5
lala2
lala3
0xc98e0639c6d2ec037a615341c369666b110e80e5
lala2
lala3
0xf230b790e05390fc8295f4d3f60332c93bed42e2
lala2
lala3
0xce53a179047ebed80261689367c093c90a94cc08
lala2
lala3
0xe469c4473af82217b30cf17b10bcdb6c8c796e75
lala2
lala3
gocompare
0x86fa049857e0209aa7d9e616f7eb3b3b78ecfdb0
bp: 0.02210522305
sp: 0.0228
arb: -0.03047267324561398
0xe41d2489571d322189246dafa5ebde1f4699f498
bp: 0.00211
sp: 0.0021
arb: 0.004761904761904745
0xb8c77482e45f1f44de1745f52c74426c631bdd52
bp: 0.0218
sp: 0.0217
arb: 0.004608294930875445
0x84119cb33e8f590d75c2d6ea4e6b0741a7494eda
bp: 0.001950000
sp: 0.0021000000
arb: -0.0714285714285714
0xb561fef0d624c0826ff869946f6076b7c4f2ba42
bp: 0.000465
sp: 0.00055
arb: -0.15454545454545454
0xe469c4473af82217b30cf17b10bcdb6c8c796e75
bp: 1.2800000e-7
sp: 1.300e-7
arb: -0.01538461538461533
0xb6ed7644c69416d67b522e20bc294a9a9b405b31
bp: 0.00116
sp: 0.00125
arb: -0.07200000000000006
0xce53a179047ebed80261689367c093c90a94cc08
bp: 0.0000037
sp: 0.00000278
arb: 0.3309352517985611
0xf230b790e05390fc8295f4d3f60332c93bed42e2
bp: 0.0001201
sp: 0.0001201
arb: 0
0xc98e0639c6d2ec037a615341c369666b110e80e5
bp: 0.000048
sp: 0.00008
arb: -0.4
lala2
lala3
lala4
0x86fa049857e0209aa7d9e616f7eb3b3b78ecfdb0 0.09666668002499468
0x86fa049857e0209aa7d9e616f7eb3b3b78ecfdb0 0.08699999999999997
0x818fc6c2ec5986bc6e2cbf00939d90556ab12ce5 0.09062499999999996
0xe3818504c1b32bf1557b16c238b2e01fd3149c17 0.5394562640475384
0xc42209accc14029c1012fb5680d95fbd6036e2a0 0.11113580301784487
0xb561fef0d624c0826ff869946f6076b7c4f2ba42 0.6206896551724137
0x84119cb33e8f590d75c2d6ea4e6b0741a7494eda 0.10909757575757584
0xf230b790e05390fc8295f4d3f60332c93bed42e2 1.2045757688032603
0xf230b790e05390fc8295f4d3f60332c93bed42e2 0.004819277108433884
0xce53a179047ebed80261689367c093c90a94cc08 0.3309352517985611
0xb6ed7644c69416d67b522e20bc294a9a9b405b31 0.8518518518518519
0xe469c4473af82217b30cf17b10bcdb6c8c796e75 1.1346153846153846
0x275b69aa7c8c1d648a0557656bce1c286e69a29d 15.51006711409396
0xc98e0639c6d2ec037a615341c369666b110e80e5 0.3337779259753253
0xe41d2489571d322189246dafa5ebde1f4699f498 0.004761904761904745
0xe41d2489571d322189246dafa5ebde1f4699f498 0.004761904761904745
0xfec0cf7fe078a500abf15f1284958f22049c2c7e 0.0030864197530864335
0xb97048628db6b661d4c2aa833e95dbe1a905b280 0.09502876112313041
0xfe7b915a0baa0e79f85c5553266513f7c1c03ed0 0.2637362637362637
0xd0929d411954c47438dc1d871dd6081f5c5e149c 0.13924050632911378
0x1bcbc54166f6ba149934870b60506199b6c9db6d 0.1306532663316582
0x0835ecd15ddf08d4786304d71b4672dc5c40f011 0.12372147303370773
lala2
compare 165000
lala2
lala3
lala3
0x86fa049857e0209aa7d9e616f7eb3b3b78ecfdb0
lala2
lala3
0xe469c4473af82217b30cf17b10bcdb6c8c796e75
lala2
lala3
0x275b69aa7c8c1d648a0557656bce1c286e69a29d
lala2
lala3
0xe469c4473af82217b30cf17b10bcdb6c8c796e75
lala2
lala3
0xf230b790e05390fc8295f4d3f60332c93bed42e2
lala2
lala3
0xce53a179047ebed80261689367c093c90a94cc08
lala2
lala3
0xb6ed7644c69416d67b522e20bc294a9a9b405b31
lala2
0x1bcbc54166f6ba149934870b60506199b6c9db6d
lala2
lala3
lala3
0x84119cb33e8f590d75c2d6ea4e6b0741a7494eda
lala2
0xe41d2489571d322189246dafa5ebde1f4699f498
lala2
lala3
0xb561fef0d624c0826ff869946f6076b7c4f2ba42
lala3
lala3
0xb6ed7644c69416d67b522e20bc294a9a9b405b31
lala2
lala3
0x1bcbc54166f6ba149934870b60506199b6c9db6d
lala2
lala3
0x84119cb33e8f590d75c2d6ea4e6b0741a7494eda
lala2
0xce53a179047ebed80261689367c093c90a94cc08
lala3
lala2
0x275b69aa7c8c1d648a0557656bce1c286e69a29d
lala3
lala2
lala3
0x86fa049857e0209aa7d9e616f7eb3b3b78ecfdb0
lala2
lala3
0xb561fef0d624c0826ff869946f6076b7c4f2ba42
lala2
lala3
0xf230b790e05390fc8295f4d3f60332c93bed42e2
0xc98e0639c6d2ec037a615341c369666b110e80e5
lala2
lala2
lala3
lala3
0xe41d2489571d322189246dafa5ebde1f4699f498
lala2
lala3
0xc98e0639c6d2ec037a615341c369666b110e80e5
lala2
lala3
gocompare
0x86fa049857e0209aa7d9e616f7eb3b3b78ecfdb0
bp: 0.02210522305
sp: 0.0228
arb: -0.03047267324561398
0xe469c4473af82217b30cf17b10bcdb6c8c796e75
bp: 1.2800000e-7
sp: 1.34e-7
arb: -0.04477611940298509
0xf230b790e05390fc8295f4d3f60332c93bed42e2
bp: 0.0001201
sp: 0.0001245
arb: -0.035341365461847296
0xce53a179047ebed80261689367c093c90a94cc08
bp: 0.0000037
sp: 0.00000278
arb: 0.3309352517985611
0xb6ed7644c69416d67b522e20bc294a9a9b405b31
bp: 0.00116
sp: 0.00125
arb: -0.07200000000000006
0x1bcbc54166f6ba149934870b60506199b6c9db6d
bp: 0.000450025
sp: 0.002369775
arb: -0.810098005084871
0x84119cb33e8f590d75c2d6ea4e6b0741a7494eda
bp: 0.001950000
sp: 0.0021000000
arb: -0.0714285714285714
0xe41d2489571d322189246dafa5ebde1f4699f498
bp: 0.00211
sp: 0.0021
arb: 0.004761904761904745
0xb561fef0d624c0826ff869946f6076b7c4f2ba42
bp: 0.000465
sp: 0.00055
arb: -0.15454545454545454
0xc98e0639c6d2ec037a615341c369666b110e80e5
bp: 0.000048
sp: 0.00008
arb: -0.4
lala2
lala3
lala4
0x86fa049857e0209aa7d9e616f7eb3b3b78ecfdb0 0.09666668002499468
0x86fa049857e0209aa7d9e616f7eb3b3b78ecfdb0 0.08699999999999997
0x818fc6c2ec5986bc6e2cbf00939d90556ab12ce5 0.09062499999999996
0xe3818504c1b32bf1557b16c238b2e01fd3149c17 0.5394562640475384
0xc42209accc14029c1012fb5680d95fbd6036e2a0 0.11113580301784487
0xb561fef0d624c0826ff869946f6076b7c4f2ba42 0.6206896551724137
0x84119cb33e8f590d75c2d6ea4e6b0741a7494eda 0.10909757575757584
0xf230b790e05390fc8295f4d3f60332c93bed42e2 1.2045757688032603
0xf230b790e05390fc8295f4d3f60332c93bed42e2 0.004819277108433884
0xce53a179047ebed80261689367c093c90a94cc08 0.3309352517985611
0xb6ed7644c69416d67b522e20bc294a9a9b405b31 0.8518518518518519
0xe469c4473af82217b30cf17b10bcdb6c8c796e75 1.1346153846153846
0x275b69aa7c8c1d648a0557656bce1c286e69a29d 15.51006711409396
0xc98e0639c6d2ec037a615341c369666b110e80e5 0.3337779259753253
0xe41d2489571d322189246dafa5ebde1f4699f498 0.004761904761904745
0xe41d2489571d322189246dafa5ebde1f4699f498 0.004761904761904745
0xfec0cf7fe078a500abf15f1284958f22049c2c7e 0.0030864197530864335
0xb97048628db6b661d4c2aa833e95dbe1a905b280 0.09502876112313041
0xfe7b915a0baa0e79f85c5553266513f7c1c03ed0 0.2637362637362637
0xd0929d411954c47438dc1d871dd6081f5c5e149c 0.13924050632911378
0x1bcbc54166f6ba149934870b60506199b6c9db6d 0.1306532663316582
0x0835ecd15ddf08d4786304d71b4672dc5c40f011 0.12372147303370773
lala2
compare 165000
lala2
lala3
lala3
0x86fa049857e0209aa7d9e616f7eb3b3b78ecfdb0
lala2
lala3
0xb561fef0d624c0826ff869946f6076b7c4f2ba42
lala2
lala3
0x84119cb33e8f590d75c2d6ea4e6b0741a7494eda
lala2
lala3
0xf230b790e05390fc8295f4d3f60332c93bed42e2
lala2
lala3
0xce53a179047ebed80261689367c093c90a94cc08
0xb6ed7644c69416d67b522e20bc294a9a9b405b31
lala2
lala2
lala3
lala3
0xe469c4473af82217b30cf17b10bcdb6c8c796e75
lala2
lala3
0xb561fef0d624c0826ff869946f6076b7c4f2ba42
lala2
lala3
0xf230b790e05390fc8295f4d3f60332c93bed42e2
lala2
0x1bcbc54166f6ba149934870b60506199b6c9db6d
lala3
lala2
lala3
0x1bcbc54166f6ba149934870b60506199b6c9db6d
lala2
lala3
0xc98e0639c6d2ec037a615341c369666b110e80e5
lala2
lala3
0xb6ed7644c69416d67b522e20bc294a9a9b405b31
lala2
lala3
0xe469c4473af82217b30cf17b10bcdb6c8c796e75
lala2
lala3
0x84119cb33e8f590d75c2d6ea4e6b0741a7494eda
lala2
lala3
0xe41d2489571d322189246dafa5ebde1f4699f498
lala2
lala3
0x275b69aa7c8c1d648a0557656bce1c286e69a29d
lala2
lala3
0x86fa049857e0209aa7d9e616f7eb3b3b78ecfdb0
lala2
lala3
0xe41d2489571d322189246dafa5ebde1f4699f498
lala2
lala3
0xc98e0639c6d2ec037a615341c369666b110e80e5
lala2
lala3
0x275b69aa7c8c1d648a0557656bce1c286e69a29d
lala2
lala3
0xce53a179047ebed80261689367c093c90a94cc08
lala2
lala3
gocompare
0x86fa049857e0209aa7d9e616f7eb3b3b78ecfdb0
bp: 0.02210522305
sp: 0.0228
arb: -0.03047267324561398
0xb561fef0d624c0826ff869946f6076b7c4f2ba42
bp: 0.0004505
sp: 0.00055
arb: -0.1809090909090909
0x84119cb33e8f590d75c2d6ea4e6b0741a7494eda
bp: 0.001950000
sp: 0.0021000000
arb: -0.0714285714285714
0xf230b790e05390fc8295f4d3f60332c93bed42e2
bp: 0.0001201
sp: 0.000124521
arb: -0.035504051525445446
0xce53a179047ebed80261689367c093c90a94cc08
bp: 0.0000037
sp: 0.000004
arb: -0.07499999999999996
0xb6ed7644c69416d67b522e20bc294a9a9b405b31
bp: 0.00106
sp: 0.00125
arb: -0.15200000000000002
0xe469c4473af82217b30cf17b10bcdb6c8c796e75
bp: 1.18000000e-7
sp: 1.34e-7
arb: -0.11940298507462699
0x1bcbc54166f6ba149934870b60506199b6c9db6d
bp: 0.000450025
sp: 0.002369775
arb: -0.810098005084871
0xc98e0639c6d2ec037a615341c369666b110e80e5
bp: 0.000045051
sp: 0.0000884
arb: -0.4903733031674208
0xe41d2489571d322189246dafa5ebde1f4699f498
bp: 0.002007810156
sp: 0.0021
arb: -0.04389992571428569
0x275b69aa7c8c1d648a0557656bce1c286e69a29d
bp: 0.0001281001
sp: 0.000145
arb: -0.11655103448275861
lala2
lala3
lala4
0x86fa049857e0209aa7d9e616f7eb3b3b78ecfdb0 0.09666668002499468
0x86fa049857e0209aa7d9e616f7eb3b3b78ecfdb0 0.08699999999999997
0x818fc6c2ec5986bc6e2cbf00939d90556ab12ce5 0.09062499999999996
0xe3818504c1b32bf1557b16c238b2e01fd3149c17 0.5394562640475384
0xc42209accc14029c1012fb5680d95fbd6036e2a0 0.11113580301784487
0xb561fef0d624c0826ff869946f6076b7c4f2ba42 0.6206896551724137
0x84119cb33e8f590d75c2d6ea4e6b0741a7494eda 0.10909757575757584
0xf230b790e05390fc8295f4d3f60332c93bed42e2 1.2045757688032603
0xf230b790e05390fc8295f4d3f60332c93bed42e2 0.004819277108433884
0xce53a179047ebed80261689367c093c90a94cc08 0.3309352517985611
0xb6ed7644c69416d67b522e20bc294a9a9b405b31 0.8518518518518519
0xe469c4473af82217b30cf17b10bcdb6c8c796e75 1.1346153846153846
0x275b69aa7c8c1d648a0557656bce1c286e69a29d 15.51006711409396
0xc98e0639c6d2ec037a615341c369666b110e80e5 0.3337779259753253
0xe41d2489571d322189246dafa5ebde1f4699f498 0.004761904761904745
0xe41d2489571d322189246dafa5ebde1f4699f498 0.004761904761904745
0xfec0cf7fe078a500abf15f1284958f22049c2c7e 0.0030864197530864335
0xb97048628db6b661d4c2aa833e95dbe1a905b280 0.09502876112313041
0xfe7b915a0baa0e79f85c5553266513f7c1c03ed0 0.2637362637362637
0xd0929d411954c47438dc1d871dd6081f5c5e149c 0.13924050632911378
0x1bcbc54166f6ba149934870b60506199b6c9db6d 0.1306532663316582
0x0835ecd15ddf08d4786304d71b4672dc5c40f011 0.12372147303370773
lala2
compare 165000
lala2
lala3
lala3
0x86fa049857e0209aa7d9e616f7eb3b3b78ecfdb0
0x86fa049857e0209aa7d9e616f7eb3b3b78ecfdb0
lala2
lala2
lala3
lala3
0xf230b790e05390fc8295f4d3f60332c93bed42e2
lala2
lala3
0xe469c4473af82217b30cf17b10bcdb6c8c796e75
lala2
0xe469c4473af82217b30cf17b10bcdb6c8c796e75
lala2
lala3
lala3
0x84119cb33e8f590d75c2d6ea4e6b0741a7494eda
lala2
lala3
0xce53a179047ebed80261689367c093c90a94cc08
lala2
lala3
0x1bcbc54166f6ba149934870b60506199b6c9db6d
lala2
lala3
0x275b69aa7c8c1d648a0557656bce1c286e69a29d
lala2
lala3
0xc98e0639c6d2ec037a615341c369666b110e80e5
lala2
lala3
0xc98e0639c6d2ec037a615341c369666b110e80e5
lala2
lala3
0x84119cb33e8f590d75c2d6ea4e6b0741a7494eda
lala3
0xf230b790e05390fc8295f4d3f60332c93bed42e2
lala2
0xe41d2489571d322189246dafa5ebde1f4699f498
lala3
lala3
0xce53a179047ebed80261689367c093c90a94cc08
lala2
lala2
lala2
lala3
0xb6ed7644c69416d67b522e20bc294a9a9b405b31
lala2
lala3
0x1bcbc54166f6ba149934870b60506199b6c9db6d
lala2
lala3
0xb6ed7644c69416d67b522e20bc294a9a9b405b31
lala2
lala3
0xb561fef0d624c0826ff869946f6076b7c4f2ba42
lala2
lala3
0xb561fef0d624c0826ff869946f6076b7c4f2ba42
lala2
lala3
0x275b69aa7c8c1d648a0557656bce1c286e69a29d
lala2
lala3
0xe41d2489571d322189246dafa5ebde1f4699f498
lala2
lala3
threshold: 0.029697739448026887
lala
lala2
Loaded doc: ED Bonanza by jarettrsdunn@gmail.com
sheet 1: Arb 812x30
lala
lala3
lala4
0x86fa049857e0209aa7d9e616f7eb3b3b78ecfdb0 0.09666668002499468
0x86fa049857e0209aa7d9e616f7eb3b3b78ecfdb0 0.08699999999999997
0x818fc6c2ec5986bc6e2cbf00939d90556ab12ce5 0.09062499999999996
0xe3818504c1b32bf1557b16c238b2e01fd3149c17 0.5394562640475384
0xc42209accc14029c1012fb5680d95fbd6036e2a0 0.11113580301784487
0xb561fef0d624c0826ff869946f6076b7c4f2ba42 0.6206896551724137
0x84119cb33e8f590d75c2d6ea4e6b0741a7494eda 0.10909757575757584
0xf230b790e05390fc8295f4d3f60332c93bed42e2 1.2045757688032603
0xf230b790e05390fc8295f4d3f60332c93bed42e2 0.004819277108433884
0xce53a179047ebed80261689367c093c90a94cc08 0.3309352517985611
0xb6ed7644c69416d67b522e20bc294a9a9b405b31 0.8518518518518519
0xe469c4473af82217b30cf17b10bcdb6c8c796e75 1.1346153846153846
0x275b69aa7c8c1d648a0557656bce1c286e69a29d 15.51006711409396
0xc98e0639c6d2ec037a615341c369666b110e80e5 0.3337779259753253
0xe41d2489571d322189246dafa5ebde1f4699f498 0.004761904761904745
0xfec0cf7fe078a500abf15f1284958f22049c2c7e 0.0030864197530864335
0xb97048628db6b661d4c2aa833e95dbe1a905b280 0.09502876112313041
0xfe7b915a0baa0e79f85c5553266513f7c1c03ed0 0.2637362637362637
0xd0929d411954c47438dc1d871dd6081f5c5e149c 0.13924050632911378
0x1bcbc54166f6ba149934870b60506199b6c9db6d 0.1306532663316582
0x0835ecd15ddf08d4786304d71b4672dc5c40f011 0.12372147303370773
lala2
compare 60000 threshold: 0.029697739448026887
lala2
lala3
0xb561fef0d624c0826ff869946f6076b7c4f2ba42
lala2
lala3
lala3
0xb6ed7644c69416d67b522e20bc294a9a9b405b31
lala2
lala3
0xce53a179047ebed80261689367c093c90a94cc08
lala2
lala3
0xe469c4473af82217b30cf17b10bcdb6c8c796e75
lala2
0x84119cb33e8f590d75c2d6ea4e6b0741a7494eda
lala2
lala3
lala3
0xc98e0639c6d2ec037a615341c369666b110e80e5
lala2
lala3
0xe469c4473af82217b30cf17b10bcdb6c8c796e75
lala2
0x84119cb33e8f590d75c2d6ea4e6b0741a7494eda
lala2
lala3
0xf230b790e05390fc8295f4d3f60332c93bed42e2
lala2
lala3
lala3
0xf230b790e05390fc8295f4d3f60332c93bed42e2
lala3
0x86fa049857e0209aa7d9e616f7eb3b3b78ecfdb0
lala3
0x1bcbc54166f6ba149934870b60506199b6c9db6d
lala2
lala3
0xb6ed7644c69416d67b522e20bc294a9a9b405b31
lala2
lala3
0xc98e0639c6d2ec037a615341c369666b110e80e5
lala2
0x86fa049857e0209aa7d9e616f7eb3b3b78ecfdb0
lala2
lala3
0x275b69aa7c8c1d648a0557656bce1c286e69a29d
lala2
lala3
0x275b69aa7c8c1d648a0557656bce1c286e69a29d
lala2
0x1bcbc54166f6ba149934870b60506199b6c9db6d
lala2
lala3
lala3
lala3
0xce53a179047ebed80261689367c093c90a94cc08
lala2
0xb561fef0d624c0826ff869946f6076b7c4f2ba42
lala2
lala3
lala3
gocompare
0x86fa049857e0209aa7d9e616f7eb3b3b78ecfdb0
bp: 0.0228
sp: 0.0215
arb: 0.06046511627906992
0xb561fef0d624c0826ff869946f6076b7c4f2ba42
bp: 0.0004505
sp: 0.00055
arb: -0.1809090909090909
0xb6ed7644c69416d67b522e20bc294a9a9b405b31
bp: 0.00117
sp: 0.00125
arb: -0.06399999999999995
0xce53a179047ebed80261689367c093c90a94cc08
bp: 0.0000038
sp: 0.00000278
arb: 0.3669064748201438
0xe469c4473af82217b30cf17b10bcdb6c8c796e75
bp: 1.2800000e-7
sp: 1.250e-7
arb: 0.02400000000000002
0x84119cb33e8f590d75c2d6ea4e6b0741a7494eda
bp: 0.001950000
sp: 0.0021000000
arb: -0.0714285714285714
0xc98e0639c6d2ec037a615341c369666b110e80e5
bp: 0.000048
sp: 0.00008
arb: -0.4
0xf230b790e05390fc8295f4d3f60332c93bed42e2
bp: 0.0001201
sp: 0.00012
arb: 0.0008333333333334636
0x1bcbc54166f6ba149934870b60506199b6c9db6d
bp: 0.00046
sp: 0.002369775
arb: -0.8058887447120507
0x275b69aa7c8c1d648a0557656bce1c286e69a29d
bp: 0.000134
sp: 0.000134
arb: 0
lala2
lala3
lala4
0x86fa049857e0209aa7d9e616f7eb3b3b78ecfdb0 0.09666668002499468
0x86fa049857e0209aa7d9e616f7eb3b3b78ecfdb0 0.08699999999999997
0x818fc6c2ec5986bc6e2cbf00939d90556ab12ce5 0.09062499999999996
0xe3818504c1b32bf1557b16c238b2e01fd3149c17 0.5394562640475384
0xc42209accc14029c1012fb5680d95fbd6036e2a0 0.11113580301784487
0xb561fef0d624c0826ff869946f6076b7c4f2ba42 0.6206896551724137
0x84119cb33e8f590d75c2d6ea4e6b0741a7494eda 0.10909757575757584
0xf230b790e05390fc8295f4d3f60332c93bed42e2 1.2045757688032603
0xf230b790e05390fc8295f4d3f60332c93bed42e2 0.004819277108433884
0xce53a179047ebed80261689367c093c90a94cc08 0.3309352517985611
0xb6ed7644c69416d67b522e20bc294a9a9b405b31 0.8518518518518519
0xe469c4473af82217b30cf17b10bcdb6c8c796e75 1.1346153846153846
0x275b69aa7c8c1d648a0557656bce1c286e69a29d 15.51006711409396
0xc98e0639c6d2ec037a615341c369666b110e80e5 0.3337779259753253
0xe41d2489571d322189246dafa5ebde1f4699f498 0.004761904761904745
0xfec0cf7fe078a500abf15f1284958f22049c2c7e 0.0030864197530864335
0xb97048628db6b661d4c2aa833e95dbe1a905b280 0.09502876112313041
0xfe7b915a0baa0e79f85c5553266513f7c1c03ed0 0.2637362637362637
0xd0929d411954c47438dc1d871dd6081f5c5e149c 0.13924050632911378
0x1bcbc54166f6ba149934870b60506199b6c9db6d 0.1306532663316582
0x0835ecd15ddf08d4786304d71b4672dc5c40f011 0.12372147303370773
lala2
compare 60000 threshold: 0.11181008770830601
lala2
lala3
lala3
0xf230b790e05390fc8295f4d3f60332c93bed42e2
0xce53a179047ebed80261689367c093c90a94cc08
lala3
lala3
0xf230b790e05390fc8295f4d3f60332c93bed42e2
lala3
0x1bcbc54166f6ba149934870b60506199b6c9db6d
lala3
0xc98e0639c6d2ec037a615341c369666b110e80e5
lala2
lala3
0xb561fef0d624c0826ff869946f6076b7c4f2ba42
lala2
0x1bcbc54166f6ba149934870b60506199b6c9db6d
lala2
0xe469c4473af82217b30cf17b10bcdb6c8c796e75
lala2
0x275b69aa7c8c1d648a0557656bce1c286e69a29d
lala3
0xce53a179047ebed80261689367c093c90a94cc08
0xb561fef0d624c0826ff869946f6076b7c4f2ba42
lala2
lala3
lala2
lala2
lala3
lala3
0x275b69aa7c8c1d648a0557656bce1c286e69a29d
lala2
lala3
lala3
lala3
0x86fa049857e0209aa7d9e616f7eb3b3b78ecfdb0
lala2
